<?xml version="1.0" encoding="UTF-8"?>
<!-- Generated by org.testng.reporters.JUnitReportReporter -->
<testsuite hostname="DESKTOP-0KBROO1" failures="0" tests="1" name="selenium.tests.TestNGTask" time="25.307" errors="0" timestamp="2023-02-01T21:47:26 MSK" skipped="0">
  <testcase classname="selenium.tests.TestNGTask" name="selectCategory" time="25.307"/>
  <system-out/>
</testsuite> <!-- selenium.tests.TestNGTask -->
