<?xml version="1.0" encoding="UTF-8"?>
<!-- Generated by org.testng.reporters.JUnitReportReporter -->
<testsuite hostname="DESKTOP-0KBROO1" failures="0" tests="1" name="selenium.tests.TestNGTask" time="20.342" errors="0" timestamp="2023-02-07T10:08:21 MSK" skipped="0">
  <testcase classname="selenium.tests.TestNGTask" name="selectCategory" time="20.342"/>
  <system-out/>
</testsuite> <!-- selenium.tests.TestNGTask -->
